********************************************************************************
DUPLICATOR-LITE PACKAGE-LOG: September 2, 2023 9:34 am
NOTICE: Do NOT post to public sites or forums 
********************************************************************************
VERSION:	1.5.5.1
WORDPRESS:	6.3.1
PHP INFO:	8.2.4 | SAPI: apache2handler
SERVER:		Apache/2.4.56 (Unix) OpenSSL/1.1.1t PHP/8.2.4 mod_perl/2.0.12 Perl/v5.34.1 
PHP TIME LIMIT: (0) no time limit imposed 
PHP MAX MEMORY: 4294967296 (512M default) 
MEMORY STACK: 36.5MB

********************************************************************************
DATABASE:
********************************************************************************
BUILD MODE:   PHP(query limit - 100)
MYSQLTIMEOUT: 5000
MYSQLDUMP:    Not Supported
TABLES: total:13 | filtered:0 | create:13
FILTERED: []
SQL CREATED: 2First_backup_2c061d184c1575a44389_20230902093403_database.sql
SQL FILE SIZE: 1.04MB (1094420)
SQL FILE TIME: 2023-09-02 09:34:05
SQL RUNTIME: 0.05 sec.

********************************************************************************
ARCHIVE (ZIP):
********************************************************************************
ARCHIVE DIR:  /opt/lampp/htdocs/Engineering
ARCHIVE FILE: 2First_backup_2c061d184c1575a44389_20230902093403_archive.zip
FILTERS: *OFF*
DIRS:
	not set
FILES:
	not set
EXTS:  not set
----------------------------------------
COMPRESSING
SIZE:	100.12MB
STATS:	Dirs 603 | Files 4,214
SQL ADDED: 2First_backup_2c061d184c1575a44389_20230902093403_database.sql
ZipArchive Object
(
    [lastId] => 4816
    [status] => 0
    [statusSys] => 0
    [numFiles] => 4817
    [filename] => /opt/lampp/htdocs/Engineering/wp-content/backups-dup-lite/tmp/2First_backup_2c061d184c1575a44389_20230902093403_archive.zip
    [comment] => 
)

FILE ADDED TO ZIP: 4816
COMPRESSION RESULT: '1'
COMPRESSED SIZE: 53.11MB
ARCHIVE RUNTIME: 3.74 sec.
MEMORY STACK: 38.5MB
building installer
ARCHIVE CONSISTENCY TEST: PASS

********************************************************************************
INTEGRITY CHECKS:
********************************************************************************
SQL FILE: 1.04MB
INSTALLER FILE: 73.47KB
ARCHIVE FILE: 54.94MB 
EXPECTED FILE/DIRECTORY COUNT: 4,817
ACTUAL FILE/DIRECTORY COUNT: 4,816
ARCHIVE CONSISTENCY TEST: Pass

********************************************************************************
RECORD ID:[3]
TOTAL PROCESS RUNTIME: 4.20 sec.
PEAK PHP MEMORY USED: 42.5MB
DONE PROCESSING => 2First_backup September 2, 2023 9:34 am

