********************************************************************************
DUPLICATOR-LITE PACKAGE-LOG: August 31, 2023 10:34 pm
NOTICE: Do NOT post to public sites or forums 
********************************************************************************
VERSION:	1.5.5.1
WORDPRESS:	6.3.1
PHP INFO:	8.2.4 | SAPI: apache2handler
SERVER:		Apache/2.4.56 (Unix) OpenSSL/1.1.1t PHP/8.2.4 mod_perl/2.0.12 Perl/v5.34.1 
PHP TIME LIMIT: (0) no time limit imposed 
PHP MAX MEMORY: 4294967296 (512M default) 
MEMORY STACK: 36.5MB

********************************************************************************
DATABASE:
********************************************************************************
BUILD MODE:   PHP(query limit - 100)
MYSQLTIMEOUT: 5000
MYSQLDUMP:    Not Supported
TABLES: total:13 | filtered:0 | create:13
FILTERED: []
SQL CREATED: First_backup_32e7dfd0969dab6a7347_20230831223449_database.sql
SQL FILE SIZE: 1.44MB (1505736)
SQL FILE TIME: 2023-08-31 22:34:52
SQL RUNTIME: 0.04 sec.

********************************************************************************
ARCHIVE (ZIP):
********************************************************************************
ARCHIVE DIR:  /opt/lampp/htdocs/Engineering
ARCHIVE FILE: First_backup_32e7dfd0969dab6a7347_20230831223449_archive.zip
FILTERS: *OFF*
DIRS:
	not set
FILES:
	not set
EXTS:  not set
----------------------------------------
COMPRESSING
SIZE:	98.48MB
STATS:	Dirs 592 | Files 4,054
SQL ADDED: First_backup_32e7dfd0969dab6a7347_20230831223449_database.sql
ZipArchive Object
(
    [lastId] => 4645
    [status] => 0
    [statusSys] => 0
    [numFiles] => 4646
    [filename] => /opt/lampp/htdocs/Engineering/wp-content/backups-dup-lite/tmp/First_backup_32e7dfd0969dab6a7347_20230831223449_archive.zip
    [comment] => 
)

FILE ADDED TO ZIP: 4645
COMPRESSION RESULT: '1'
COMPRESSED SIZE: 52.51MB
ARCHIVE RUNTIME: 3.38 sec.
MEMORY STACK: 38.5MB
building installer
ARCHIVE CONSISTENCY TEST: PASS

********************************************************************************
INTEGRITY CHECKS:
********************************************************************************
SQL FILE: 1.44MB
INSTALLER FILE: 73.47KB
ARCHIVE FILE: 54.34MB 
EXPECTED FILE/DIRECTORY COUNT: 4,646
ACTUAL FILE/DIRECTORY COUNT: 4,645
ARCHIVE CONSISTENCY TEST: Pass

********************************************************************************
RECORD ID:[1]
TOTAL PROCESS RUNTIME: 3.81 sec.
PEAK PHP MEMORY USED: 44.5MB
DONE PROCESSING => First_backup August 31, 2023 10:34 pm

