********************************************************************************
DUPLICATOR-LITE PACKAGE-LOG: September 3, 2023 6:55 pm
NOTICE: Do NOT post to public sites or forums 
********************************************************************************
VERSION:	1.5.5.1
WORDPRESS:	6.3.1
PHP INFO:	8.2.4 | SAPI: apache2handler
SERVER:		Apache/2.4.56 (Unix) OpenSSL/1.1.1t PHP/8.2.4 mod_perl/2.0.12 Perl/v5.34.1 
PHP TIME LIMIT: (0) no time limit imposed 
PHP MAX MEMORY: 4294967296 (512M default) 
MEMORY STACK: 38.5MB

********************************************************************************
DATABASE:
********************************************************************************
BUILD MODE:   PHP(query limit - 100)
MYSQLTIMEOUT: 5000
MYSQLDUMP:    Not Supported
TABLES: total:13 | filtered:0 | create:13
FILTERED: []
SQL CREATED: prebuild_last_218b43e3cac12ddb1382_20230903185530_database.sql
SQL FILE SIZE: 1.44MB (1513453)
SQL FILE TIME: 2023-09-03 18:55:32
SQL RUNTIME: 0.04 sec.

********************************************************************************
ARCHIVE (ZIP):
********************************************************************************
ARCHIVE DIR:  /opt/lampp/htdocs/Engineering
ARCHIVE FILE: prebuild_last_218b43e3cac12ddb1382_20230903185530_archive.zip
FILTERS: *OFF*
DIRS:
	not set
FILES:
	not set
EXTS:  not set
----------------------------------------
COMPRESSING
SIZE:	147.24MB
STATS:	Dirs 771 | Files 4,850
SQL ADDED: prebuild_last_218b43e3cac12ddb1382_20230903185530_database.sql
ZipArchive Object
(
    [lastId] => 5620
    [status] => 0
    [statusSys] => 0
    [numFiles] => 5621
    [filename] => /opt/lampp/htdocs/Engineering/wp-content/backups-dup-lite/tmp/prebuild_last_218b43e3cac12ddb1382_20230903185530_archive.zip
    [comment] => 
)

FILE ADDED TO ZIP: 5620
COMPRESSION RESULT: '1'
COMPRESSED SIZE: 91.81MB
ARCHIVE RUNTIME: 4.88 sec.
MEMORY STACK: 40.5MB
building installer
ARCHIVE CONSISTENCY TEST: PASS

********************************************************************************
INTEGRITY CHECKS:
********************************************************************************
SQL FILE: 1.44MB
INSTALLER FILE: 73.47KB
ARCHIVE FILE: 93.66MB 
EXPECTED FILE/DIRECTORY COUNT: 5,621
ACTUAL FILE/DIRECTORY COUNT: 5,620
ARCHIVE CONSISTENCY TEST: Pass

********************************************************************************
RECORD ID:[5]
TOTAL PROCESS RUNTIME: 5.39 sec.
PEAK PHP MEMORY USED: 44.5MB
DONE PROCESSING => prebuild_last September 3, 2023 6:55 pm

